<?xml version="1.0" encoding="UTF-8"?>
<!-- Generated by org.testng.reporters.JUnitReportReporter -->
<testsuite hostname="LAPTOP-OKJ1VVIP" failures="0" tests="2" name="swag.qa.testcases.finaldetailsTest" time="6.025" errors="0" timestamp="2024-10-11T23:03:40 IST" skipped="0">
  <testcase classname="swag.qa.testcases.finaldetailsTest" name="finaldetailsTest" time="3.366"/>
  <system-out/>
  <testcase classname="swag.qa.testcases.finaldetailsTest" name="finaldetailsTestcancel" time="2.659"/>
  <system-out/>
</testsuite> <!-- swag.qa.testcases.finaldetailsTest -->
