<?xml version="1.0" encoding="UTF-8"?>
<!-- Generated by org.testng.reporters.JUnitReportReporter -->
<testsuite hostname="LAPTOP-OKJ1VVIP" failures="0" tests="2" name="swag.qa.testcases.finaldetailsTest" time="8.379" errors="0" timestamp="2024-09-24T19:09:29 IST" skipped="0">
  <testcase classname="swag.qa.testcases.finaldetailsTest" name="finaldetailsTest" time="5.005"/>
  <system-out/>
  <testcase classname="swag.qa.testcases.finaldetailsTest" name="finaldetailsTestcancel" time="3.374"/>
  <system-out/>
</testsuite> <!-- swag.qa.testcases.finaldetailsTest -->
