<?xml version="1.0" encoding="UTF-8"?>
<!-- Generated by org.testng.reporters.JUnitReportReporter -->
<testsuite hostname="LAPTOP-OKJ1VVIP" failures="0" tests="1" name="swag.qa.testcases.checkoutdetailspage" time="11.057" errors="0" timestamp="2024-09-24T13:30:49 IST" skipped="0">
  <testcase classname="swag.qa.testcases.checkoutdetailspage" name="checkoutTest" time="11.057"/>
  <system-out/>
</testsuite> <!-- swag.qa.testcases.checkoutdetailspage -->
