<?xml version="1.0" encoding="UTF-8"?>
<!-- Generated by org.testng.reporters.JUnitReportReporter -->
<testsuite hostname="LAPTOP-OKJ1VVIP" failures="0" tests="1" name="swag.qa.testcases.HomepageTest" time="7.242" errors="0" timestamp="2024-10-24T20:41:11 IST" skipped="0">
  <testcase classname="swag.qa.testcases.HomepageTest" name="abouttest" time="7.242"/>
  <system-out/>
</testsuite> <!-- swag.qa.testcases.HomepageTest -->
