<?xml version="1.0" encoding="UTF-8"?>
<!-- Generated by org.testng.reporters.JUnitReportReporter -->
<testsuite hostname="LAPTOP-OKJ1VVIP" failures="0" tests="1" name="swag.qa.testcases.addtocartpageTest" time="2.467" errors="0" timestamp="2024-10-11T23:03:40 IST" skipped="0">
  <testcase classname="swag.qa.testcases.addtocartpageTest" name="checkoutTest" time="2.467"/>
  <system-out/>
</testsuite> <!-- swag.qa.testcases.addtocartpageTest -->
