<?xml version="1.0" encoding="UTF-8"?>
<!-- Generated by org.testng.reporters.JUnitReportReporter -->
<testsuite hostname="LAPTOP-OKJ1VVIP" failures="0" tests="1" name="swag.qa.testcases.LoginPageTest" time="3.458" errors="0" timestamp="2024-10-11T22:59:26 IST" skipped="0">
  <testcase classname="swag.qa.testcases.LoginPageTest" name="loginTest" time="3.458"/>
  <system-out/>
</testsuite> <!-- swag.qa.testcases.LoginPageTest -->
