<?xml version="1.0" encoding="UTF-8"?>
<!-- Generated by org.testng.reporters.JUnitReportReporter -->
<testsuite hostname="LAPTOP-OKJ1VVIP" failures="0" tests="1" name="swag.qa.testcases.HomepageTest" time="18.369" errors="0" timestamp="2024-09-24T13:21:21 IST" skipped="0">
  <testcase classname="swag.qa.testcases.HomepageTest" name="cartTest" time="18.369"/>
  <system-out/>
</testsuite> <!-- swag.qa.testcases.HomepageTest -->
