<?xml version="1.0" encoding="UTF-8"?>
<!-- Generated by org.testng.reporters.JUnitReportReporter -->
<testsuite hostname="LAPTOP-OKJ1VVIP" failures="0" tests="1" name="swag.qa.testcases.LoginPageTest" time="6.098" errors="0" timestamp="2024-09-14T11:44:41 IST" skipped="0">
  <testcase classname="swag.qa.testcases.LoginPageTest" name="loginTest" time="6.098"/>
  <system-out/>
</testsuite> <!-- swag.qa.testcases.LoginPageTest -->
