<?xml version="1.0" encoding="UTF-8"?>
<!-- Generated by org.testng.reporters.JUnitReportReporter -->
<testsuite hostname="LAPTOP-OKJ1VVIP" failures="0" tests="1" name="swag.qa.testcases.HomepageTest" time="2.980" errors="0" timestamp="2024-09-24T21:35:02 IST" skipped="0">
  <testcase classname="swag.qa.testcases.HomepageTest" name="cartTest" time="2.980"/>
</testsuite> <!-- swag.qa.testcases.HomepageTest -->
