<?xml version="1.0" encoding="UTF-8"?>
<!-- Generated by org.testng.reporters.JUnitReportReporter -->
<testsuite hostname="LAPTOP-OKJ1VVIP" failures="0" tests="1" name="swag.qa.testcases.checkoutdetailspageTest" time="2.814" errors="0" timestamp="2024-09-24T21:35:02 IST" skipped="0">
  <testcase classname="swag.qa.testcases.checkoutdetailspageTest" name="checkoutTest" time="2.814"/>
</testsuite> <!-- swag.qa.testcases.checkoutdetailspageTest -->
