<?xml version="1.0" encoding="UTF-8"?>
<!-- Generated by org.testng.reporters.JUnitReportReporter -->
<testsuite hostname="LAPTOP-OKJ1VVIP" failures="0" tests="2" name="swag.qa.testcases.finaldetailsTest" time="6.710" errors="0" timestamp="2024-09-24T21:35:02 IST" skipped="0">
  <testcase classname="swag.qa.testcases.finaldetailsTest" name="finaldetailsTestcancel" time="3.075"/>
  <testcase classname="swag.qa.testcases.finaldetailsTest" name="finaldetailsTest" time="3.635"/>
</testsuite> <!-- swag.qa.testcases.finaldetailsTest -->
